<!DOCTYPE html>

<html>
  <head>
  <meta charset='utf-8'>
  <title>TestNG reports</title>

    <link type="text/css" href="testng-reports.css" rel="stylesheet" />
    <script type="text/javascript" src="jquery-1.7.1.min.js"></script>
    <script type="text/javascript" src="testng-reports.js"></script>
    <script type="text/javascript" src="https://www.google.com/jsapi"></script>
    <script type='text/javascript'>
      google.load('visualization', '1', {packages:['table']});
      google.setOnLoadCallback(drawTable);
      var suiteTableInitFunctions = new Array();
      var suiteTableData = new Array();
    </script>
    <!--
      <script type="text/javascript" src="jquery-ui/js/jquery-ui-1.8.16.custom.min.js"></script>
     -->
  </head>

  <body>
    <div class="top-banner-root">
      <span class="top-banner-title-font">Test results</span>
      <br/>
      <span class="top-banner-font-1">1 suite, 2 failed tests</span>
    </div> <!-- top-banner-root -->
    <div class="navigator-root">
      <div class="navigator-suite-header">
        <span>All suites</span>
        <a href="#" title="Collapse/expand all the suites" class="collapse-all-link">
          <img src="collapseall.gif" class="collapse-all-icon">
          </img> <!-- collapse-all-icon -->
        </a> <!-- collapse-all-link -->
      </div> <!-- navigator-suite-header -->
      <div class="suite">
        <div class="rounded-window">
          <div class="suite-header light-rounded-window-top">
            <a href="#" panel-name="suite-Insurance_Simulator_Regression_Suite" class="navigator-link">
              <span class="suite-name border-failed">Insurance Simulator Regression Suite</span>
            </a> <!-- navigator-link -->
          </div> <!-- suite-header light-rounded-window-top -->
          <div class="navigator-suite-content">
            <div class="suite-section-title">
              <span>Info</span>
            </div> <!-- suite-section-title -->
            <div class="suite-section-content">
              <ul>
                <li>
                  <a href="#" panel-name="test-xml-Insurance_Simulator_Regression_Suite" class="navigator-link ">
                    <span>testng.xml</span>
                  </a> <!-- navigator-link  -->
                </li>
                <li>
                  <a href="#" panel-name="testlist-Insurance_Simulator_Regression_Suite" class="navigator-link ">
                    <span class="test-stats">1 test</span>
                  </a> <!-- navigator-link  -->
                </li>
                <li>
                  <a href="#" panel-name="group-Insurance_Simulator_Regression_Suite" class="navigator-link ">
                    <span>2 groups</span>
                  </a> <!-- navigator-link  -->
                </li>
                <li>
                  <a href="#" panel-name="times-Insurance_Simulator_Regression_Suite" class="navigator-link ">
                    <span>Times</span>
                  </a> <!-- navigator-link  -->
                </li>
                <li>
                  <a href="#" panel-name="reporter-Insurance_Simulator_Regression_Suite" class="navigator-link ">
                    <span>Reporter output</span>
                  </a> <!-- navigator-link  -->
                </li>
                <li>
                  <a href="#" panel-name="ignored-methods-Insurance_Simulator_Regression_Suite" class="navigator-link ">
                    <span>Ignored methods</span>
                  </a> <!-- navigator-link  -->
                </li>
                <li>
                  <a href="#" panel-name="chronological-Insurance_Simulator_Regression_Suite" class="navigator-link ">
                    <span>Chronological view</span>
                  </a> <!-- navigator-link  -->
                </li>
              </ul>
            </div> <!-- suite-section-content -->
            <div class="result-section">
              <div class="suite-section-title">
                <span>Results</span>
              </div> <!-- suite-section-title -->
              <div class="suite-section-content">
                <ul>
                  <li>
                    <span class="method-stats">9 methods, 2 failed,  2 skipped,  5 passed</span>
                  </li>
                  <li>
                    <span class="method-list-title failed">Failed methods</span>
                    <span class="show-or-hide-methods failed">
                      <a href="#" panel-name="suite-Insurance_Simulator_Regression_Suite" class="hide-methods failed suite-Insurance_Simulator_Regression_Suite"> (hide)</a> <!-- hide-methods failed suite-Insurance_Simulator_Regression_Suite -->
                      <a href="#" panel-name="suite-Insurance_Simulator_Regression_Suite" class="show-methods failed suite-Insurance_Simulator_Regression_Suite"> (show)</a> <!-- show-methods failed suite-Insurance_Simulator_Regression_Suite -->
                    </span>
                    <div class="method-list-content failed suite-Insurance_Simulator_Regression_Suite">
                      <span>
                        <img src="failed.png" width="3%"/>
                        <a href="#" panel-name="suite-Insurance_Simulator_Regression_Suite" title="com.insurance.qa.testcases.HomePageTest" class="method navigator-link" hash-for-method="checkInsuranceValue(Mercedes Benz, Class A, Petrol, FALSE, 1870.0, Tavleen Kour, 08-Apr-2002, 10010.0, 5.0, FALSE, TRUE)">checkInsuranceValue(Mercedes Benz, Class A, Petrol, FALSE, 1870.0, Tavleen Kour, 08-Apr-2002, 10010.0, 5.0, FALSE, TRUE)</a> <!-- method navigator-link -->
                      </span>
                      <br/>
                      <span>
                        <img src="failed.png" width="3%"/>
                        <a href="#" panel-name="suite-Insurance_Simulator_Regression_Suite" title="com.insurance.qa.testcases.HomePageTest" class="method navigator-link" hash-for-method="checkInsuranceValue(Mercedes Benz, Class A, Petrol, FALSE, 1800.0, Tavleen Kour, 08-Apr-2002, 10010.0, 5.0, FALSE, TRUE)">checkInsuranceValue(Mercedes Benz, Class A, Petrol, FALSE, 1800.0, Tavleen Kour, 08-Apr-2002, 10010.0, 5.0, FALSE, TRUE)</a> <!-- method navigator-link -->
                      </span>
                      <br/>
                    </div> <!-- method-list-content failed suite-Insurance_Simulator_Regression_Suite -->
                  </li>
                  <li>
                    <span class="method-list-title skipped">Retried methods</span>
                    <span class="show-or-hide-methods skipped">
                      <a href="#" panel-name="suite-Insurance_Simulator_Regression_Suite" class="hide-methods skipped suite-Insurance_Simulator_Regression_Suite"> (hide)</a> <!-- hide-methods skipped suite-Insurance_Simulator_Regression_Suite -->
                      <a href="#" panel-name="suite-Insurance_Simulator_Regression_Suite" class="show-methods skipped suite-Insurance_Simulator_Regression_Suite"> (show)</a> <!-- show-methods skipped suite-Insurance_Simulator_Regression_Suite -->
                    </span>
                    <div class="method-list-content skipped suite-Insurance_Simulator_Regression_Suite">
                      <span>
                        <img src="skipped.png" width="3%"/>
                        <a href="#" panel-name="suite-Insurance_Simulator_Regression_Suite" title="com.insurance.qa.testcases.HomePageTest" class="method navigator-link" hash-for-method="checkInsuranceValue(Mercedes Benz, Class A, Petrol, FALSE, 1800.0, Tavleen Kour, 08-Apr-2002, 10010.0, 5.0, FALSE, TRUE)">checkInsuranceValue(Mercedes Benz, Class A, Petrol, FALSE, 1800.0, Tavleen Kour, 08-Apr-2002, 10010.0, 5.0, FALSE, TRUE)</a> <!-- method navigator-link -->
                      </span>
                      <br/>
                      <span>
                        <img src="skipped.png" width="3%"/>
                        <a href="#" panel-name="suite-Insurance_Simulator_Regression_Suite" title="com.insurance.qa.testcases.HomePageTest" class="method navigator-link" hash-for-method="checkInsuranceValue(Mercedes Benz, Class A, Petrol, FALSE, 1870.0, Tavleen Kour, 08-Apr-2002, 10010.0, 5.0, FALSE, TRUE)">checkInsuranceValue(Mercedes Benz, Class A, Petrol, FALSE, 1870.0, Tavleen Kour, 08-Apr-2002, 10010.0, 5.0, FALSE, TRUE)</a> <!-- method navigator-link -->
                      </span>
                      <br/>
                    </div> <!-- method-list-content skipped suite-Insurance_Simulator_Regression_Suite -->
                  </li>
                  <li>
                    <span class="method-list-title passed">Passed methods</span>
                    <span class="show-or-hide-methods passed">
                      <a href="#" panel-name="suite-Insurance_Simulator_Regression_Suite" class="hide-methods passed suite-Insurance_Simulator_Regression_Suite"> (hide)</a> <!-- hide-methods passed suite-Insurance_Simulator_Regression_Suite -->
                      <a href="#" panel-name="suite-Insurance_Simulator_Regression_Suite" class="show-methods passed suite-Insurance_Simulator_Regression_Suite"> (show)</a> <!-- show-methods passed suite-Insurance_Simulator_Regression_Suite -->
                    </span>
                    <div class="method-list-content passed suite-Insurance_Simulator_Regression_Suite">
                      <span>
                        <img src="passed.png" width="3%"/>
                        <a href="#" panel-name="suite-Insurance_Simulator_Regression_Suite" title="com.insurance.qa.testcases.HomePageTest" class="method navigator-link" hash-for-method="checkInsuranceValue(Mercedes Benz, Class A, Petrol, TRUE, 0.0, Tavleen Kour, 10-Jan-2010, 12001.0, 0.0, TRUE, FALSE)">checkInsuranceValue(Mercedes Benz, Class A, Petrol, TRUE, 0.0, Tavleen Kour, 10-Jan-2010, 12001.0, 0.0, TRUE, FALSE)</a> <!-- method navigator-link -->
                      </span>
                      <br/>
                      <span>
                        <img src="passed.png" width="3%"/>
                        <a href="#" panel-name="suite-Insurance_Simulator_Regression_Suite" title="com.insurance.qa.testcases.HomePageTest" class="method navigator-link" hash-for-method="checkInsuranceValue(Mercedes Benz, Class A, Petrol, TRUE, 0.0, Tavleen Kour, 10-Jan-2010, 12001.0, 0.0, TRUE, FALSE)">checkInsuranceValue(Mercedes Benz, Class A, Petrol, TRUE, 0.0, Tavleen Kour, 10-Jan-2010, 12001.0, 0.0, TRUE, FALSE)</a> <!-- method navigator-link -->
                      </span>
                      <br/>
                      <span>
                        <img src="passed.png" width="3%"/>
                        <a href="#" panel-name="suite-Insurance_Simulator_Regression_Suite" title="com.insurance.qa.testcases.HomePageTest" class="method navigator-link" hash-for-method="checkInsuranceValue(Mercedes Benz, Class A, Petrol, FALSE, 2014.0, Tavleen Kour, 22-Nov-2006, 10004.0, 2.0, FALSE, TRUE)">checkInsuranceValue(Mercedes Benz, Class A, Petrol, FALSE, 2014.0, Tavleen Kour, 22-Nov-2006, 10004.0, 2.0, FALSE, TRUE)</a> <!-- method navigator-link -->
                      </span>
                      <br/>
                      <span>
                        <img src="passed.png" width="3%"/>
                        <a href="#" panel-name="suite-Insurance_Simulator_Regression_Suite" title="com.insurance.qa.testcases.HomePageTest" class="method navigator-link" hash-for-method="validateHomePageTitleTest">validateHomePageTitleTest</a> <!-- method navigator-link -->
                      </span>
                      <br/>
                      <span>
                        <img src="passed.png" width="3%"/>
                        <a href="#" panel-name="suite-Insurance_Simulator_Regression_Suite" title="com.insurance.qa.testcases.HomePageTest" class="method navigator-link" hash-for-method="validateSimulateButton">validateSimulateButton</a> <!-- method navigator-link -->
                      </span>
                      <br/>
                    </div> <!-- method-list-content passed suite-Insurance_Simulator_Regression_Suite -->
                  </li>
                </ul>
              </div> <!-- suite-section-content -->
            </div> <!-- result-section -->
          </div> <!-- navigator-suite-content -->
        </div> <!-- rounded-window -->
      </div> <!-- suite -->
    </div> <!-- navigator-root -->
    <div class="wrapper">
      <div class="main-panel-root">
        <div panel-name="suite-Insurance_Simulator_Regression_Suite" class="panel Insurance_Simulator_Regression_Suite">
          <div class="suite-Insurance_Simulator_Regression_Suite-class-failed">
            <div class="main-panel-header rounded-window-top">
              <img src="failed.png"/>
              <span class="class-name">com.insurance.qa.testcases.HomePageTest</span>
            </div> <!-- main-panel-header rounded-window-top -->
            <div class="main-panel-content rounded-window-bottom">
              <div class="method">
                <div class="method-content">
                  <a name="checkInsuranceValue(Mercedes Benz, Class A, Petrol, FALSE, 1870.0, Tavleen Kour, 08-Apr-2002, 10010.0, 5.0, FALSE, TRUE)">
                  </a> <!-- checkInsuranceValue(Mercedes Benz, Class A, Petrol, FALSE, 1870.0, Tavleen Kour, 08-Apr-2002, 10010.0, 5.0, FALSE, TRUE) -->
                  <span class="method-name">checkInsuranceValue</span>
                  <span class="parameters">(Mercedes Benz, Class A, Petrol, FALSE, 1870.0, Tavleen Kour, 08-Apr-2002, 10010.0, 5.0, FALSE, TRUE)</span>
                  <div class="stack-trace">org.openqa.selenium.NoSuchElementException: no such element: Unable to locate element: {&quot;method&quot;:&quot;xpath&quot;,&quot;selector&quot;:&quot;//*[@id=&quot;fee&quot;]&quot;}
  (Session info: chrome=107.0.5304.62)
For documentation on this error, please visit: https://selenium.dev/exceptions/#no_such_element
Build info: version: &apos;4.4.0&apos;, revision: &apos;e5c75ed026a&apos;
System info: host: &apos;Tavleens-MacBook-Pro.local&apos;, ip: &apos;fe80:0:0:0:4b:2dac:128e:9009%en0&apos;, os.name: &apos;Mac OS X&apos;, os.arch: &apos;x86_64&apos;, os.version: &apos;12.6.1&apos;, java.version: &apos;17.0.4.1&apos;
Driver info: org.openqa.selenium.chrome.ChromeDriver
Command: [066a107d676b905becbadbbe787b5f38, findElement {using=xpath, value=//*[@id=&quot;fee&quot;]}]
Capabilities {acceptInsecureCerts: false, browserName: chrome, browserVersion: 107.0.5304.62, chrome: {chromedriverVersion: 107.0.5304.62 (1eec40d3a576..., userDataDir: /var/folders/2c/znlm_n9j0jb...}, goog:chromeOptions: {debuggerAddress: localhost:53338}, networkConnectionEnabled: false, pageLoadStrategy: normal, platformName: MAC, proxy: Proxy(), se:cdp: ws://localhost:53338/devtoo..., se:cdpVersion: 107.0.5304.62, setWindowRect: true, strictFileInteractability: false, timeouts: {implicit: 0, pageLoad: 300000, script: 30000}, unhandledPromptBehavior: dismiss and notify, webauthn:extension:credBlob: true, webauthn:extension:largeBlob: true, webauthn:virtualAuthenticators: true}
Session ID: 066a107d676b905becbadbbe787b5f38
	at java.base/jdk.internal.reflect.NativeConstructorAccessorImpl.newInstance0(Native Method)
	at java.base/jdk.internal.reflect.NativeConstructorAccessorImpl.newInstance(NativeConstructorAccessorImpl.java:77)
	at java.base/jdk.internal.reflect.DelegatingConstructorAccessorImpl.newInstance(DelegatingConstructorAccessorImpl.java:45)
	at java.base/java.lang.reflect.Constructor.newInstanceWithCaller(Constructor.java:499)
	at java.base/java.lang.reflect.Constructor.newInstance(Constructor.java:480)
	at org.openqa.selenium.remote.codec.w3c.W3CHttpResponseCodec.createException(W3CHttpResponseCodec.java:200)
	at org.openqa.selenium.remote.codec.w3c.W3CHttpResponseCodec.decode(W3CHttpResponseCodec.java:133)
	at org.openqa.selenium.remote.codec.w3c.W3CHttpResponseCodec.decode(W3CHttpResponseCodec.java:53)
	at org.openqa.selenium.remote.HttpCommandExecutor.execute(HttpCommandExecutor.java:184)
	at org.openqa.selenium.remote.service.DriverCommandExecutor.invokeExecute(DriverCommandExecutor.java:167)
	at org.openqa.selenium.remote.service.DriverCommandExecutor.execute(DriverCommandExecutor.java:142)
	at org.openqa.selenium.remote.RemoteWebDriver.execute(RemoteWebDriver.java:547)
	at org.openqa.selenium.remote.ElementLocation$ElementFinder$2.findElement(ElementLocation.java:162)
	at org.openqa.selenium.remote.ElementLocation.findElement(ElementLocation.java:60)
	at org.openqa.selenium.remote.RemoteWebDriver.findElement(RemoteWebDriver.java:365)
	at org.openqa.selenium.remote.RemoteWebDriver.findElement(RemoteWebDriver.java:357)
	at org.openqa.selenium.support.pagefactory.DefaultElementLocator.findElement(DefaultElementLocator.java:70)
	at org.openqa.selenium.support.pagefactory.internal.LocatingElementHandler.invoke(LocatingElementHandler.java:39)
	at jdk.proxy2/jdk.proxy2.$Proxy19.isDisplayed(Unknown Source)
	at com.insurance.qa.pages.HomePage.getInfo(HomePage.java:172)
	at com.insurance.qa.testcases.HomePageTest.checkInsuranceValue(HomePageTest.java:83)
	at java.base/jdk.internal.reflect.NativeMethodAccessorImpl.invoke0(Native Method)
	at java.base/jdk.internal.reflect.NativeMethodAccessorImpl.invoke(NativeMethodAccessorImpl.java:77)
	at java.base/jdk.internal.reflect.DelegatingMethodAccessorImpl.invoke(DelegatingMethodAccessorImpl.java:43)
	at java.base/java.lang.reflect.Method.invoke(Method.java:568)
	at org.testng.internal.MethodInvocationHelper.invokeMethod(MethodInvocationHelper.java:133)
	at org.testng.internal.TestInvoker.invokeMethod(TestInvoker.java:584)
	at org.testng.internal.TestInvoker.retryFailed(TestInvoker.java:204)
	at org.testng.internal.MethodRunner.runInSequence(MethodRunner.java:58)
	at org.testng.internal.TestInvoker$MethodInvocationAgent.invoke(TestInvoker.java:804)
	at org.testng.internal.TestInvoker.invokeTestMethods(TestInvoker.java:145)
	at org.testng.internal.TestMethodWorker.invokeTestMethods(TestMethodWorker.java:146)
	at org.testng.internal.TestMethodWorker.run(TestMethodWorker.java:128)
	at java.base/java.util.ArrayList.forEach(ArrayList.java:1511)
	at org.testng.TestRunner.privateRun(TestRunner.java:770)
	at org.testng.TestRunner.run(TestRunner.java:591)
	at org.testng.SuiteRunner.runTest(SuiteRunner.java:402)
	at org.testng.SuiteRunner.runSequentially(SuiteRunner.java:396)
	at org.testng.SuiteRunner.privateRun(SuiteRunner.java:355)
	at org.testng.SuiteRunner.run(SuiteRunner.java:304)
	at org.testng.SuiteRunnerWorker.runSuite(SuiteRunnerWorker.java:53)
	at org.testng.SuiteRunnerWorker.run(SuiteRunnerWorker.java:96)
	at org.testng.TestNG.runSuitesSequentially(TestNG.java:1180)
	at org.testng.TestNG.runSuitesLocally(TestNG.java:1102)
	at org.testng.TestNG.runSuites(TestNG.java:1032)
	at org.testng.TestNG.run(TestNG.java:1000)
	at org.testng.remote.AbstractRemoteTestNG.run(AbstractRemoteTestNG.java:115)
	at org.testng.remote.RemoteTestNG.initAndRun(RemoteTestNG.java:251)
	at org.testng.remote.RemoteTestNG.main(RemoteTestNG.java:77)

</div> <!-- stack-trace -->
                </div> <!-- method-content -->
              </div> <!-- method -->
              <div class="method">
                <div class="method-content">
                  <a name="checkInsuranceValue(Mercedes Benz, Class A, Petrol, FALSE, 1800.0, Tavleen Kour, 08-Apr-2002, 10010.0, 5.0, FALSE, TRUE)">
                  </a> <!-- checkInsuranceValue(Mercedes Benz, Class A, Petrol, FALSE, 1800.0, Tavleen Kour, 08-Apr-2002, 10010.0, 5.0, FALSE, TRUE) -->
                  <span class="method-name">checkInsuranceValue</span>
                  <span class="parameters">(Mercedes Benz, Class A, Petrol, FALSE, 1800.0, Tavleen Kour, 08-Apr-2002, 10010.0, 5.0, FALSE, TRUE)</span>
                  <div class="stack-trace">org.openqa.selenium.NoSuchElementException: no such element: Unable to locate element: {&quot;method&quot;:&quot;xpath&quot;,&quot;selector&quot;:&quot;//*[@id=&quot;fee&quot;]&quot;}
  (Session info: chrome=107.0.5304.62)
For documentation on this error, please visit: https://selenium.dev/exceptions/#no_such_element
Build info: version: &apos;4.4.0&apos;, revision: &apos;e5c75ed026a&apos;
System info: host: &apos;Tavleens-MacBook-Pro.local&apos;, ip: &apos;fe80:0:0:0:4b:2dac:128e:9009%en0&apos;, os.name: &apos;Mac OS X&apos;, os.arch: &apos;x86_64&apos;, os.version: &apos;12.6.1&apos;, java.version: &apos;17.0.4.1&apos;
Driver info: org.openqa.selenium.chrome.ChromeDriver
Command: [845d42b8a831ac73c31ef3e4ccd68698, findElement {using=xpath, value=//*[@id=&quot;fee&quot;]}]
Capabilities {acceptInsecureCerts: false, browserName: chrome, browserVersion: 107.0.5304.62, chrome: {chromedriverVersion: 107.0.5304.62 (1eec40d3a576..., userDataDir: /var/folders/2c/znlm_n9j0jb...}, goog:chromeOptions: {debuggerAddress: localhost:53282}, networkConnectionEnabled: false, pageLoadStrategy: normal, platformName: MAC, proxy: Proxy(), se:cdp: ws://localhost:53282/devtoo..., se:cdpVersion: 107.0.5304.62, setWindowRect: true, strictFileInteractability: false, timeouts: {implicit: 0, pageLoad: 300000, script: 30000}, unhandledPromptBehavior: dismiss and notify, webauthn:extension:credBlob: true, webauthn:extension:largeBlob: true, webauthn:virtualAuthenticators: true}
Session ID: 845d42b8a831ac73c31ef3e4ccd68698
	at java.base/jdk.internal.reflect.NativeConstructorAccessorImpl.newInstance0(Native Method)
	at java.base/jdk.internal.reflect.NativeConstructorAccessorImpl.newInstance(NativeConstructorAccessorImpl.java:77)
	at java.base/jdk.internal.reflect.DelegatingConstructorAccessorImpl.newInstance(DelegatingConstructorAccessorImpl.java:45)
	at java.base/java.lang.reflect.Constructor.newInstanceWithCaller(Constructor.java:499)
	at java.base/java.lang.reflect.Constructor.newInstance(Constructor.java:480)
	at org.openqa.selenium.remote.codec.w3c.W3CHttpResponseCodec.createException(W3CHttpResponseCodec.java:200)
	at org.openqa.selenium.remote.codec.w3c.W3CHttpResponseCodec.decode(W3CHttpResponseCodec.java:133)
	at org.openqa.selenium.remote.codec.w3c.W3CHttpResponseCodec.decode(W3CHttpResponseCodec.java:53)
	at org.openqa.selenium.remote.HttpCommandExecutor.execute(HttpCommandExecutor.java:184)
	at org.openqa.selenium.remote.service.DriverCommandExecutor.invokeExecute(DriverCommandExecutor.java:167)
	at org.openqa.selenium.remote.service.DriverCommandExecutor.execute(DriverCommandExecutor.java:142)
	at org.openqa.selenium.remote.RemoteWebDriver.execute(RemoteWebDriver.java:547)
	at org.openqa.selenium.remote.ElementLocation$ElementFinder$2.findElement(ElementLocation.java:162)
	at org.openqa.selenium.remote.ElementLocation.findElement(ElementLocation.java:60)
	at org.openqa.selenium.remote.RemoteWebDriver.findElement(RemoteWebDriver.java:365)
	at org.openqa.selenium.remote.RemoteWebDriver.findElement(RemoteWebDriver.java:357)
	at org.openqa.selenium.support.pagefactory.DefaultElementLocator.findElement(DefaultElementLocator.java:70)
	at org.openqa.selenium.support.pagefactory.internal.LocatingElementHandler.invoke(LocatingElementHandler.java:39)
	at jdk.proxy2/jdk.proxy2.$Proxy19.isDisplayed(Unknown Source)
	at com.insurance.qa.pages.HomePage.getInfo(HomePage.java:172)
	at com.insurance.qa.testcases.HomePageTest.checkInsuranceValue(HomePageTest.java:83)
	at java.base/jdk.internal.reflect.NativeMethodAccessorImpl.invoke0(Native Method)
	at java.base/jdk.internal.reflect.NativeMethodAccessorImpl.invoke(NativeMethodAccessorImpl.java:77)
	at java.base/jdk.internal.reflect.DelegatingMethodAccessorImpl.invoke(DelegatingMethodAccessorImpl.java:43)
	at java.base/java.lang.reflect.Method.invoke(Method.java:568)
	at org.testng.internal.MethodInvocationHelper.invokeMethod(MethodInvocationHelper.java:133)
	at org.testng.internal.TestInvoker.invokeMethod(TestInvoker.java:584)
	at org.testng.internal.TestInvoker.retryFailed(TestInvoker.java:204)
	at org.testng.internal.MethodRunner.runInSequence(MethodRunner.java:58)
	at org.testng.internal.TestInvoker$MethodInvocationAgent.invoke(TestInvoker.java:804)
	at org.testng.internal.TestInvoker.invokeTestMethods(TestInvoker.java:145)
	at org.testng.internal.TestMethodWorker.invokeTestMethods(TestMethodWorker.java:146)
	at org.testng.internal.TestMethodWorker.run(TestMethodWorker.java:128)
	at java.base/java.util.ArrayList.forEach(ArrayList.java:1511)
	at org.testng.TestRunner.privateRun(TestRunner.java:770)
	at org.testng.TestRunner.run(TestRunner.java:591)
	at org.testng.SuiteRunner.runTest(SuiteRunner.java:402)
	at org.testng.SuiteRunner.runSequentially(SuiteRunner.java:396)
	at org.testng.SuiteRunner.privateRun(SuiteRunner.java:355)
	at org.testng.SuiteRunner.run(SuiteRunner.java:304)
	at org.testng.SuiteRunnerWorker.runSuite(SuiteRunnerWorker.java:53)
	at org.testng.SuiteRunnerWorker.run(SuiteRunnerWorker.java:96)
	at org.testng.TestNG.runSuitesSequentially(TestNG.java:1180)
	at org.testng.TestNG.runSuitesLocally(TestNG.java:1102)
	at org.testng.TestNG.runSuites(TestNG.java:1032)
	at org.testng.TestNG.run(TestNG.java:1000)
	at org.testng.remote.AbstractRemoteTestNG.run(AbstractRemoteTestNG.java:115)
	at org.testng.remote.RemoteTestNG.initAndRun(RemoteTestNG.java:251)
	at org.testng.remote.RemoteTestNG.main(RemoteTestNG.java:77)

</div> <!-- stack-trace -->
                </div> <!-- method-content -->
              </div> <!-- method -->
            </div> <!-- main-panel-content rounded-window-bottom -->
          </div> <!-- suite-Insurance_Simulator_Regression_Suite-class-failed -->
          <div class="suite-Insurance_Simulator_Regression_Suite-class-skipped">
            <div class="main-panel-header rounded-window-top">
              <img src="skipped.png"/>
              <span class="class-name">com.insurance.qa.testcases.HomePageTest</span>
            </div> <!-- main-panel-header rounded-window-top -->
            <div class="main-panel-content rounded-window-bottom">
              <div class="method">
                <div class="method-content">
                  <a name="checkInsuranceValue(Mercedes Benz, Class A, Petrol, FALSE, 1800.0, Tavleen Kour, 08-Apr-2002, 10010.0, 5.0, FALSE, TRUE)">
                  </a> <!-- checkInsuranceValue(Mercedes Benz, Class A, Petrol, FALSE, 1800.0, Tavleen Kour, 08-Apr-2002, 10010.0, 5.0, FALSE, TRUE) -->
                  <span class="method-name">checkInsuranceValue</span>
                  <span class="parameters">(Mercedes Benz, Class A, Petrol, FALSE, 1800.0, Tavleen Kour, 08-Apr-2002, 10010.0, 5.0, FALSE, TRUE)</span>
                  <div class="stack-trace">org.openqa.selenium.NoSuchElementException: no such element: Unable to locate element: {&quot;method&quot;:&quot;xpath&quot;,&quot;selector&quot;:&quot;//*[@id=&quot;fee&quot;]&quot;}
  (Session info: chrome=107.0.5304.62)
For documentation on this error, please visit: https://selenium.dev/exceptions/#no_such_element
Build info: version: &apos;4.4.0&apos;, revision: &apos;e5c75ed026a&apos;
System info: host: &apos;Tavleens-MacBook-Pro.local&apos;, ip: &apos;fe80:0:0:0:4b:2dac:128e:9009%en0&apos;, os.name: &apos;Mac OS X&apos;, os.arch: &apos;x86_64&apos;, os.version: &apos;12.6.1&apos;, java.version: &apos;17.0.4.1&apos;
Driver info: org.openqa.selenium.chrome.ChromeDriver
Command: [1c03bf65d31a724644d4102c41d426d5, findElement {using=xpath, value=//*[@id=&quot;fee&quot;]}]
Capabilities {acceptInsecureCerts: false, browserName: chrome, browserVersion: 107.0.5304.62, chrome: {chromedriverVersion: 107.0.5304.62 (1eec40d3a576..., userDataDir: /var/folders/2c/znlm_n9j0jb...}, goog:chromeOptions: {debuggerAddress: localhost:53252}, networkConnectionEnabled: false, pageLoadStrategy: normal, platformName: MAC, proxy: Proxy(), se:cdp: ws://localhost:53252/devtoo..., se:cdpVersion: 107.0.5304.62, setWindowRect: true, strictFileInteractability: false, timeouts: {implicit: 0, pageLoad: 300000, script: 30000}, unhandledPromptBehavior: dismiss and notify, webauthn:extension:credBlob: true, webauthn:extension:largeBlob: true, webauthn:virtualAuthenticators: true}
Session ID: 1c03bf65d31a724644d4102c41d426d5
	at java.base/jdk.internal.reflect.NativeConstructorAccessorImpl.newInstance0(Native Method)
	at java.base/jdk.internal.reflect.NativeConstructorAccessorImpl.newInstance(NativeConstructorAccessorImpl.java:77)
	at java.base/jdk.internal.reflect.DelegatingConstructorAccessorImpl.newInstance(DelegatingConstructorAccessorImpl.java:45)
	at java.base/java.lang.reflect.Constructor.newInstanceWithCaller(Constructor.java:499)
	at java.base/java.lang.reflect.Constructor.newInstance(Constructor.java:480)
	at org.openqa.selenium.remote.codec.w3c.W3CHttpResponseCodec.createException(W3CHttpResponseCodec.java:200)
	at org.openqa.selenium.remote.codec.w3c.W3CHttpResponseCodec.decode(W3CHttpResponseCodec.java:133)
	at org.openqa.selenium.remote.codec.w3c.W3CHttpResponseCodec.decode(W3CHttpResponseCodec.java:53)
	at org.openqa.selenium.remote.HttpCommandExecutor.execute(HttpCommandExecutor.java:184)
	at org.openqa.selenium.remote.service.DriverCommandExecutor.invokeExecute(DriverCommandExecutor.java:167)
	at org.openqa.selenium.remote.service.DriverCommandExecutor.execute(DriverCommandExecutor.java:142)
	at org.openqa.selenium.remote.RemoteWebDriver.execute(RemoteWebDriver.java:547)
	at org.openqa.selenium.remote.ElementLocation$ElementFinder$2.findElement(ElementLocation.java:162)
	at org.openqa.selenium.remote.ElementLocation.findElement(ElementLocation.java:60)
	at org.openqa.selenium.remote.RemoteWebDriver.findElement(RemoteWebDriver.java:365)
	at org.openqa.selenium.remote.RemoteWebDriver.findElement(RemoteWebDriver.java:357)
	at org.openqa.selenium.support.pagefactory.DefaultElementLocator.findElement(DefaultElementLocator.java:70)
	at org.openqa.selenium.support.pagefactory.internal.LocatingElementHandler.invoke(LocatingElementHandler.java:39)
	at jdk.proxy2/jdk.proxy2.$Proxy19.isDisplayed(Unknown Source)
	at com.insurance.qa.pages.HomePage.getInfo(HomePage.java:172)
	at com.insurance.qa.testcases.HomePageTest.checkInsuranceValue(HomePageTest.java:83)
	at java.base/jdk.internal.reflect.NativeMethodAccessorImpl.invoke0(Native Method)
	at java.base/jdk.internal.reflect.NativeMethodAccessorImpl.invoke(NativeMethodAccessorImpl.java:77)
	at java.base/jdk.internal.reflect.DelegatingMethodAccessorImpl.invoke(DelegatingMethodAccessorImpl.java:43)
	at java.base/java.lang.reflect.Method.invoke(Method.java:568)
	at org.testng.internal.MethodInvocationHelper.invokeMethod(MethodInvocationHelper.java:133)
	at org.testng.internal.TestInvoker.invokeMethod(TestInvoker.java:584)
	at org.testng.internal.TestInvoker.invokeTestMethod(TestInvoker.java:172)
	at org.testng.internal.MethodRunner.runInSequence(MethodRunner.java:46)
	at org.testng.internal.TestInvoker$MethodInvocationAgent.invoke(TestInvoker.java:804)
	at org.testng.internal.TestInvoker.invokeTestMethods(TestInvoker.java:145)
	at org.testng.internal.TestMethodWorker.invokeTestMethods(TestMethodWorker.java:146)
	at org.testng.internal.TestMethodWorker.run(TestMethodWorker.java:128)
	at java.base/java.util.ArrayList.forEach(ArrayList.java:1511)
	at org.testng.TestRunner.privateRun(TestRunner.java:770)
	at org.testng.TestRunner.run(TestRunner.java:591)
	at org.testng.SuiteRunner.runTest(SuiteRunner.java:402)
	at org.testng.SuiteRunner.runSequentially(SuiteRunner.java:396)
	at org.testng.SuiteRunner.privateRun(SuiteRunner.java:355)
	at org.testng.SuiteRunner.run(SuiteRunner.java:304)
	at org.testng.SuiteRunnerWorker.runSuite(SuiteRunnerWorker.java:53)
	at org.testng.SuiteRunnerWorker.run(SuiteRunnerWorker.java:96)
	at org.testng.TestNG.runSuitesSequentially(TestNG.java:1180)
	at org.testng.TestNG.runSuitesLocally(TestNG.java:1102)
	at org.testng.TestNG.runSuites(TestNG.java:1032)
	at org.testng.TestNG.run(TestNG.java:1000)
	at org.testng.remote.AbstractRemoteTestNG.run(AbstractRemoteTestNG.java:115)
	at org.testng.remote.RemoteTestNG.initAndRun(RemoteTestNG.java:251)
	at org.testng.remote.RemoteTestNG.main(RemoteTestNG.java:77)

</div> <!-- stack-trace -->
                </div> <!-- method-content -->
              </div> <!-- method -->
              <div class="method">
                <div class="method-content">
                  <a name="checkInsuranceValue(Mercedes Benz, Class A, Petrol, FALSE, 1870.0, Tavleen Kour, 08-Apr-2002, 10010.0, 5.0, FALSE, TRUE)">
                  </a> <!-- checkInsuranceValue(Mercedes Benz, Class A, Petrol, FALSE, 1870.0, Tavleen Kour, 08-Apr-2002, 10010.0, 5.0, FALSE, TRUE) -->
                  <span class="method-name">checkInsuranceValue</span>
                  <span class="parameters">(Mercedes Benz, Class A, Petrol, FALSE, 1870.0, Tavleen Kour, 08-Apr-2002, 10010.0, 5.0, FALSE, TRUE)</span>
                  <div class="stack-trace">org.openqa.selenium.NoSuchElementException: no such element: Unable to locate element: {&quot;method&quot;:&quot;xpath&quot;,&quot;selector&quot;:&quot;//*[@id=&quot;fee&quot;]&quot;}
  (Session info: chrome=107.0.5304.62)
For documentation on this error, please visit: https://selenium.dev/exceptions/#no_such_element
Build info: version: &apos;4.4.0&apos;, revision: &apos;e5c75ed026a&apos;
System info: host: &apos;Tavleens-MacBook-Pro.local&apos;, ip: &apos;fe80:0:0:0:4b:2dac:128e:9009%en0&apos;, os.name: &apos;Mac OS X&apos;, os.arch: &apos;x86_64&apos;, os.version: &apos;12.6.1&apos;, java.version: &apos;17.0.4.1&apos;
Driver info: org.openqa.selenium.chrome.ChromeDriver
Command: [13ed81d851613028d97ddfe36b651895, findElement {using=xpath, value=//*[@id=&quot;fee&quot;]}]
Capabilities {acceptInsecureCerts: false, browserName: chrome, browserVersion: 107.0.5304.62, chrome: {chromedriverVersion: 107.0.5304.62 (1eec40d3a576..., userDataDir: /var/folders/2c/znlm_n9j0jb...}, goog:chromeOptions: {debuggerAddress: localhost:53310}, networkConnectionEnabled: false, pageLoadStrategy: normal, platformName: MAC, proxy: Proxy(), se:cdp: ws://localhost:53310/devtoo..., se:cdpVersion: 107.0.5304.62, setWindowRect: true, strictFileInteractability: false, timeouts: {implicit: 0, pageLoad: 300000, script: 30000}, unhandledPromptBehavior: dismiss and notify, webauthn:extension:credBlob: true, webauthn:extension:largeBlob: true, webauthn:virtualAuthenticators: true}
Session ID: 13ed81d851613028d97ddfe36b651895
	at java.base/jdk.internal.reflect.NativeConstructorAccessorImpl.newInstance0(Native Method)
	at java.base/jdk.internal.reflect.NativeConstructorAccessorImpl.newInstance(NativeConstructorAccessorImpl.java:77)
	at java.base/jdk.internal.reflect.DelegatingConstructorAccessorImpl.newInstance(DelegatingConstructorAccessorImpl.java:45)
	at java.base/java.lang.reflect.Constructor.newInstanceWithCaller(Constructor.java:499)
	at java.base/java.lang.reflect.Constructor.newInstance(Constructor.java:480)
	at org.openqa.selenium.remote.codec.w3c.W3CHttpResponseCodec.createException(W3CHttpResponseCodec.java:200)
	at org.openqa.selenium.remote.codec.w3c.W3CHttpResponseCodec.decode(W3CHttpResponseCodec.java:133)
	at org.openqa.selenium.remote.codec.w3c.W3CHttpResponseCodec.decode(W3CHttpResponseCodec.java:53)
	at org.openqa.selenium.remote.HttpCommandExecutor.execute(HttpCommandExecutor.java:184)
	at org.openqa.selenium.remote.service.DriverCommandExecutor.invokeExecute(DriverCommandExecutor.java:167)
	at org.openqa.selenium.remote.service.DriverCommandExecutor.execute(DriverCommandExecutor.java:142)
	at org.openqa.selenium.remote.RemoteWebDriver.execute(RemoteWebDriver.java:547)
	at org.openqa.selenium.remote.ElementLocation$ElementFinder$2.findElement(ElementLocation.java:162)
	at org.openqa.selenium.remote.ElementLocation.findElement(ElementLocation.java:60)
	at org.openqa.selenium.remote.RemoteWebDriver.findElement(RemoteWebDriver.java:365)
	at org.openqa.selenium.remote.RemoteWebDriver.findElement(RemoteWebDriver.java:357)
	at org.openqa.selenium.support.pagefactory.DefaultElementLocator.findElement(DefaultElementLocator.java:70)
	at org.openqa.selenium.support.pagefactory.internal.LocatingElementHandler.invoke(LocatingElementHandler.java:39)
	at jdk.proxy2/jdk.proxy2.$Proxy19.isDisplayed(Unknown Source)
	at com.insurance.qa.pages.HomePage.getInfo(HomePage.java:172)
	at com.insurance.qa.testcases.HomePageTest.checkInsuranceValue(HomePageTest.java:83)
	at java.base/jdk.internal.reflect.NativeMethodAccessorImpl.invoke0(Native Method)
	at java.base/jdk.internal.reflect.NativeMethodAccessorImpl.invoke(NativeMethodAccessorImpl.java:77)
	at java.base/jdk.internal.reflect.DelegatingMethodAccessorImpl.invoke(DelegatingMethodAccessorImpl.java:43)
	at java.base/java.lang.reflect.Method.invoke(Method.java:568)
	at org.testng.internal.MethodInvocationHelper.invokeMethod(MethodInvocationHelper.java:133)
	at org.testng.internal.TestInvoker.invokeMethod(TestInvoker.java:584)
	at org.testng.internal.TestInvoker.invokeTestMethod(TestInvoker.java:172)
	at org.testng.internal.MethodRunner.runInSequence(MethodRunner.java:46)
	at org.testng.internal.TestInvoker$MethodInvocationAgent.invoke(TestInvoker.java:804)
	at org.testng.internal.TestInvoker.invokeTestMethods(TestInvoker.java:145)
	at org.testng.internal.TestMethodWorker.invokeTestMethods(TestMethodWorker.java:146)
	at org.testng.internal.TestMethodWorker.run(TestMethodWorker.java:128)
	at java.base/java.util.ArrayList.forEach(ArrayList.java:1511)
	at org.testng.TestRunner.privateRun(TestRunner.java:770)
	at org.testng.TestRunner.run(TestRunner.java:591)
	at org.testng.SuiteRunner.runTest(SuiteRunner.java:402)
	at org.testng.SuiteRunner.runSequentially(SuiteRunner.java:396)
	at org.testng.SuiteRunner.privateRun(SuiteRunner.java:355)
	at org.testng.SuiteRunner.run(SuiteRunner.java:304)
	at org.testng.SuiteRunnerWorker.runSuite(SuiteRunnerWorker.java:53)
	at org.testng.SuiteRunnerWorker.run(SuiteRunnerWorker.java:96)
	at org.testng.TestNG.runSuitesSequentially(TestNG.java:1180)
	at org.testng.TestNG.runSuitesLocally(TestNG.java:1102)
	at org.testng.TestNG.runSuites(TestNG.java:1032)
	at org.testng.TestNG.run(TestNG.java:1000)
	at org.testng.remote.AbstractRemoteTestNG.run(AbstractRemoteTestNG.java:115)
	at org.testng.remote.RemoteTestNG.initAndRun(RemoteTestNG.java:251)
	at org.testng.remote.RemoteTestNG.main(RemoteTestNG.java:77)

</div> <!-- stack-trace -->
                </div> <!-- method-content -->
              </div> <!-- method -->
            </div> <!-- main-panel-content rounded-window-bottom -->
          </div> <!-- suite-Insurance_Simulator_Regression_Suite-class-skipped -->
          <div class="suite-Insurance_Simulator_Regression_Suite-class-passed">
            <div class="main-panel-header rounded-window-top">
              <img src="passed.png"/>
              <span class="class-name">com.insurance.qa.testcases.HomePageTest</span>
            </div> <!-- main-panel-header rounded-window-top -->
            <div class="main-panel-content rounded-window-bottom">
              <div class="method">
                <div class="method-content">
                  <a name="checkInsuranceValue(Mercedes Benz, Class A, Petrol, TRUE, 0.0, Tavleen Kour, 10-Jan-2010, 12001.0, 0.0, TRUE, FALSE)">
                  </a> <!-- checkInsuranceValue(Mercedes Benz, Class A, Petrol, TRUE, 0.0, Tavleen Kour, 10-Jan-2010, 12001.0, 0.0, TRUE, FALSE) -->
                  <span class="method-name">checkInsuranceValue</span>
                  <span class="parameters">(Mercedes Benz, Class A, Petrol, TRUE, 0.0, Tavleen Kour, 10-Jan-2010, 12001.0, 0.0, TRUE, FALSE)</span>
                </div> <!-- method-content -->
              </div> <!-- method -->
              <div class="method">
                <div class="method-content">
                  <a name="checkInsuranceValue(Mercedes Benz, Class A, Petrol, TRUE, 0.0, Tavleen Kour, 10-Jan-2010, 12001.0, 0.0, TRUE, FALSE)">
                  </a> <!-- checkInsuranceValue(Mercedes Benz, Class A, Petrol, TRUE, 0.0, Tavleen Kour, 10-Jan-2010, 12001.0, 0.0, TRUE, FALSE) -->
                  <span class="method-name">checkInsuranceValue</span>
                  <span class="parameters">(Mercedes Benz, Class A, Petrol, TRUE, 0.0, Tavleen Kour, 10-Jan-2010, 12001.0, 0.0, TRUE, FALSE)</span>
                </div> <!-- method-content -->
              </div> <!-- method -->
              <div class="method">
                <div class="method-content">
                  <a name="checkInsuranceValue(Mercedes Benz, Class A, Petrol, FALSE, 2014.0, Tavleen Kour, 22-Nov-2006, 10004.0, 2.0, FALSE, TRUE)">
                  </a> <!-- checkInsuranceValue(Mercedes Benz, Class A, Petrol, FALSE, 2014.0, Tavleen Kour, 22-Nov-2006, 10004.0, 2.0, FALSE, TRUE) -->
                  <span class="method-name">checkInsuranceValue</span>
                  <span class="parameters">(Mercedes Benz, Class A, Petrol, FALSE, 2014.0, Tavleen Kour, 22-Nov-2006, 10004.0, 2.0, FALSE, TRUE)</span>
                </div> <!-- method-content -->
              </div> <!-- method -->
              <div class="method">
                <div class="method-content">
                  <a name="validateHomePageTitleTest">
                  </a> <!-- validateHomePageTitleTest -->
                  <span class="method-name">validateHomePageTitleTest</span>
                </div> <!-- method-content -->
              </div> <!-- method -->
              <div class="method">
                <div class="method-content">
                  <a name="validateSimulateButton">
                  </a> <!-- validateSimulateButton -->
                  <span class="method-name">validateSimulateButton</span>
                </div> <!-- method-content -->
              </div> <!-- method -->
            </div> <!-- main-panel-content rounded-window-bottom -->
          </div> <!-- suite-Insurance_Simulator_Regression_Suite-class-passed -->
        </div> <!-- panel Insurance_Simulator_Regression_Suite -->
        <div panel-name="test-xml-Insurance_Simulator_Regression_Suite" class="panel">
          <div class="main-panel-header rounded-window-top">
            <span class="header-content">/Users/tavleenkour/eclipse-workspace/InsuranceTest/src/main/resources/testng.xml</span>
          </div> <!-- main-panel-header rounded-window-top -->
          <div class="main-panel-content rounded-window-bottom">
            <pre>
&lt;?xml version=&quot;1.0&quot; encoding=&quot;UTF-8&quot;?&gt;
&lt;!DOCTYPE suite SYSTEM &quot;https://testng.org/testng-1.0.dtd&quot;&gt;
&lt;suite name=&quot;Insurance Simulator Regression Suite&quot; guice-stage=&quot;DEVELOPMENT&quot;&gt;
  &lt;listeners&gt;
    &lt;listener class-name=&quot;com.insurance.qa.listeners.AnnotationTransformer&quot;/&gt;
    &lt;listener class-name=&quot;com.insurance.qa.listeners.ExtentReportListener&quot;/&gt;
  &lt;/listeners&gt;
  &lt;test thread-count=&quot;2&quot; parallel=&quot;tests&quot; name=&quot;Insurance Simulator Test&quot; verbose=&quot;4&quot;&gt;
    &lt;parameter name=&quot;browser&quot; value=&quot;chrome&quot;/&gt;
    &lt;groups&gt;
      &lt;define name=&quot;all&quot;&gt;
        &lt;include name=&quot;Functional&quot;/&gt;
        &lt;include name=&quot;Regression&quot;/&gt;
      &lt;/define&gt; &lt;!-- all --&gt;
      &lt;run&gt;
        &lt;include name=&quot;all&quot;/&gt;
      &lt;/run&gt;
    &lt;/groups&gt;
    &lt;classes&gt;
      &lt;class name=&quot;com.insurance.qa.testcases.HomePageTest&quot;/&gt;
    &lt;/classes&gt;
  &lt;/test&gt; &lt;!-- Insurance Simulator Test --&gt;
&lt;/suite&gt; &lt;!-- Insurance Simulator Regression Suite --&gt;
            </pre>
          </div> <!-- main-panel-content rounded-window-bottom -->
        </div> <!-- panel -->
        <div panel-name="testlist-Insurance_Simulator_Regression_Suite" class="panel">
          <div class="main-panel-header rounded-window-top">
            <span class="header-content">Tests for Insurance Simulator Regression Suite</span>
          </div> <!-- main-panel-header rounded-window-top -->
          <div class="main-panel-content rounded-window-bottom">
            <ul>
              <li>
                <span class="test-name">Insurance Simulator Test (1 class)</span>
              </li>
            </ul>
          </div> <!-- main-panel-content rounded-window-bottom -->
        </div> <!-- panel -->
        <div panel-name="group-Insurance_Simulator_Regression_Suite" class="panel">
          <div class="main-panel-header rounded-window-top">
            <span class="header-content">Groups for Insurance Simulator Regression Suite</span>
          </div> <!-- main-panel-header rounded-window-top -->
          <div class="main-panel-content rounded-window-bottom">
            <div class="test-group">
              <span class="test-group-name">Functional</span>
              <br/>
              <div class="method-in-group">
                <span class="method-in-group-name">validateHomePageTitleTest</span>
                <br/>
              </div> <!-- method-in-group -->
            </div> <!-- test-group -->
            <div class="test-group">
              <span class="test-group-name">Regression</span>
              <br/>
              <div class="method-in-group">
                <span class="method-in-group-name">checkInsuranceValue</span>
                <br/>
              </div> <!-- method-in-group -->
              <div class="method-in-group">
                <span class="method-in-group-name">validateSimulateButton</span>
                <br/>
              </div> <!-- method-in-group -->
            </div> <!-- test-group -->
          </div> <!-- main-panel-content rounded-window-bottom -->
        </div> <!-- panel -->
        <div panel-name="times-Insurance_Simulator_Regression_Suite" class="panel">
          <div class="main-panel-header rounded-window-top">
            <span class="header-content">Times for Insurance Simulator Regression Suite</span>
          </div> <!-- main-panel-header rounded-window-top -->
          <div class="main-panel-content rounded-window-bottom">
            <div class="times-div">
              <script type="text/javascript">
suiteTableInitFunctions.push('tableData_Insurance_Simulator_Regression_Suite');
function tableData_Insurance_Simulator_Regression_Suite() {
var data = new google.visualization.DataTable();
data.addColumn('number', 'Number');
data.addColumn('string', 'Method');
data.addColumn('string', 'Class');
data.addColumn('number', 'Time (ms)');
data.addRows(9);
data.setCell(0, 0, 0)
data.setCell(0, 1, 'checkInsuranceValue')
data.setCell(0, 2, 'com.insurance.qa.testcases.HomePageTest')
data.setCell(0, 3, 16196);
data.setCell(1, 0, 1)
data.setCell(1, 1, 'checkInsuranceValue')
data.setCell(1, 2, 'com.insurance.qa.testcases.HomePageTest')
data.setCell(1, 3, 16179);
data.setCell(2, 0, 2)
data.setCell(2, 1, 'checkInsuranceValue')
data.setCell(2, 2, 'com.insurance.qa.testcases.HomePageTest')
data.setCell(2, 3, 15381);
data.setCell(3, 0, 3)
data.setCell(3, 1, 'checkInsuranceValue')
data.setCell(3, 2, 'com.insurance.qa.testcases.HomePageTest')
data.setCell(3, 3, 15144);
data.setCell(4, 0, 4)
data.setCell(4, 1, 'checkInsuranceValue')
data.setCell(4, 2, 'com.insurance.qa.testcases.HomePageTest')
data.setCell(4, 3, 6368);
data.setCell(5, 0, 5)
data.setCell(5, 1, 'checkInsuranceValue')
data.setCell(5, 2, 'com.insurance.qa.testcases.HomePageTest')
data.setCell(5, 3, 6351);
data.setCell(6, 0, 6)
data.setCell(6, 1, 'checkInsuranceValue')
data.setCell(6, 2, 'com.insurance.qa.testcases.HomePageTest')
data.setCell(6, 3, 6234);
data.setCell(7, 0, 7)
data.setCell(7, 1, 'validateSimulateButton')
data.setCell(7, 2, 'com.insurance.qa.testcases.HomePageTest')
data.setCell(7, 3, 221);
data.setCell(8, 0, 8)
data.setCell(8, 1, 'validateHomePageTitleTest')
data.setCell(8, 2, 'com.insurance.qa.testcases.HomePageTest')
data.setCell(8, 3, 36);
window.suiteTableData['Insurance_Simulator_Regression_Suite']= { tableData: data, tableDiv: 'times-div-Insurance_Simulator_Regression_Suite'}
return data;
}
              </script>
              <span class="suite-total-time">Total running time: 1 minutes</span>
              <div id="times-div-Insurance_Simulator_Regression_Suite">
              </div> <!-- times-div-Insurance_Simulator_Regression_Suite -->
            </div> <!-- times-div -->
          </div> <!-- main-panel-content rounded-window-bottom -->
        </div> <!-- panel -->
        <div panel-name="reporter-Insurance_Simulator_Regression_Suite" class="panel">
          <div class="main-panel-header rounded-window-top">
            <span class="header-content">Reporter output for Insurance Simulator Regression Suite</span>
          </div> <!-- main-panel-header rounded-window-top -->
          <div class="main-panel-content rounded-window-bottom">
          </div> <!-- main-panel-content rounded-window-bottom -->
        </div> <!-- panel -->
        <div panel-name="ignored-methods-Insurance_Simulator_Regression_Suite" class="panel">
          <div class="main-panel-header rounded-window-top">
            <span class="header-content">0 ignored methods</span>
          </div> <!-- main-panel-header rounded-window-top -->
          <div class="main-panel-content rounded-window-bottom">
          </div> <!-- main-panel-content rounded-window-bottom -->
        </div> <!-- panel -->
        <div panel-name="chronological-Insurance_Simulator_Regression_Suite" class="panel">
          <div class="main-panel-header rounded-window-top">
            <span class="header-content">Methods in chronological order</span>
          </div> <!-- main-panel-header rounded-window-top -->
          <div class="main-panel-content rounded-window-bottom">
            <div class="chronological-class">
              <div class="chronological-class-name">com.insurance.qa.testcases.HomePageTest</div> <!-- chronological-class-name -->
              <div class="configuration-method before">
                <span class="method-name">setUp</span>
                <span class="method-start">0 ms</span>
              </div> <!-- configuration-method before -->
              <div class="test-method">
                <span class="method-name">validateHomePageTitleTest</span>
                <span class="method-start">7175 ms</span>
              </div> <!-- test-method -->
              <div class="configuration-method after">
                <span class="method-name">tearDown</span>
                <span class="method-start">7227 ms</span>
              </div> <!-- configuration-method after -->
              <div class="configuration-method before">
                <span class="method-name">setUp</span>
                <span class="method-start">7344 ms</span>
              </div> <!-- configuration-method before -->
              <div class="test-method">
                <span class="method-name">validateSimulateButton</span>
                <span class="method-start">13175 ms</span>
              </div> <!-- test-method -->
              <div class="configuration-method after">
                <span class="method-name">tearDown</span>
                <span class="method-start">13400 ms</span>
              </div> <!-- configuration-method after -->
              <div class="configuration-method before">
                <span class="method-name">setUp</span>
                <span class="method-start">14024 ms</span>
              </div> <!-- configuration-method before -->
              <div class="test-method">
                <span class="method-name">checkInsuranceValue(Mercedes Benz, Class A, Petrol, FALSE, 2014.0, Tavleen Kour, 22-Nov-2006, 10004.0, 2.0, FALSE, TRUE)</span>
                <span class="method-start">19845 ms</span>
              </div> <!-- test-method -->
              <div class="configuration-method after">
                <span class="method-name">tearDown</span>
                <span class="method-start">26208 ms</span>
              </div> <!-- configuration-method after -->
              <div class="configuration-method before">
                <span class="method-name">setUp</span>
                <span class="method-start">26322 ms</span>
              </div> <!-- configuration-method before -->
              <div class="test-method">
                <span class="method-name">checkInsuranceValue(Mercedes Benz, Class A, Petrol, FALSE, 1800.0, Tavleen Kour, 08-Apr-2002, 10010.0, 5.0, FALSE, TRUE)</span>
                <span class="method-start">32145 ms</span>
              </div> <!-- test-method -->
              <div class="configuration-method after">
                <span class="method-name">tearDown</span>
                <span class="method-start">48687 ms</span>
              </div> <!-- configuration-method after -->
              <div class="configuration-method before">
                <span class="method-name">setUp</span>
                <span class="method-start">48882 ms</span>
              </div> <!-- configuration-method before -->
              <div class="test-method">
                <img src="failed.png">
                </img>
                <span class="method-name">checkInsuranceValue(Mercedes Benz, Class A, Petrol, FALSE, 1800.0, Tavleen Kour, 08-Apr-2002, 10010.0, 5.0, FALSE, TRUE)</span>
                <span class="method-start">54729 ms</span>
              </div> <!-- test-method -->
              <div class="configuration-method after">
                <span class="method-name">tearDown</span>
                <span class="method-start">70182 ms</span>
              </div> <!-- configuration-method after -->
              <div class="configuration-method before">
                <span class="method-name">setUp</span>
                <span class="method-start">70294 ms</span>
              </div> <!-- configuration-method before -->
              <div class="test-method">
                <span class="method-name">checkInsuranceValue(Mercedes Benz, Class A, Petrol, FALSE, 1870.0, Tavleen Kour, 08-Apr-2002, 10010.0, 5.0, FALSE, TRUE)</span>
                <span class="method-start">76255 ms</span>
              </div> <!-- test-method -->
              <div class="configuration-method after">
                <span class="method-name">tearDown</span>
                <span class="method-start">91947 ms</span>
              </div> <!-- configuration-method after -->
              <div class="configuration-method before">
                <span class="method-name">setUp</span>
                <span class="method-start">92118 ms</span>
              </div> <!-- configuration-method before -->
              <div class="test-method">
                <img src="failed.png">
                </img>
                <span class="method-name">checkInsuranceValue(Mercedes Benz, Class A, Petrol, FALSE, 1870.0, Tavleen Kour, 08-Apr-2002, 10010.0, 5.0, FALSE, TRUE)</span>
                <span class="method-start">97993 ms</span>
              </div> <!-- test-method -->
              <div class="configuration-method after">
                <span class="method-name">tearDown</span>
                <span class="method-start">114484 ms</span>
              </div> <!-- configuration-method after -->
              <div class="configuration-method before">
                <span class="method-name">setUp</span>
                <span class="method-start">114596 ms</span>
              </div> <!-- configuration-method before -->
              <div class="test-method">
                <span class="method-name">checkInsuranceValue(Mercedes Benz, Class A, Petrol, TRUE, 0.0, Tavleen Kour, 10-Jan-2010, 12001.0, 0.0, TRUE, FALSE)</span>
                <span class="method-start">120416 ms</span>
              </div> <!-- test-method -->
              <div class="configuration-method after">
                <span class="method-name">tearDown</span>
                <span class="method-start">126787 ms</span>
              </div> <!-- configuration-method after -->
              <div class="configuration-method before">
                <span class="method-name">setUp</span>
                <span class="method-start">126898 ms</span>
              </div> <!-- configuration-method before -->
              <div class="test-method">
                <span class="method-name">checkInsuranceValue(Mercedes Benz, Class A, Petrol, TRUE, 0.0, Tavleen Kour, 10-Jan-2010, 12001.0, 0.0, TRUE, FALSE)</span>
                <span class="method-start">132704 ms</span>
              </div> <!-- test-method -->
              <div class="configuration-method after">
                <span class="method-name">tearDown</span>
                <span class="method-start">138944 ms</span>
              </div> <!-- configuration-method after -->
          </div> <!-- main-panel-content rounded-window-bottom -->
        </div> <!-- panel -->
      </div> <!-- main-panel-root -->
    </div> <!-- wrapper -->
  </body>
</html>
