<?xml version="1.0" encoding="UTF-8"?>
<!-- Generated by org.testng.reporters.JUnitReportReporter -->
<testsuite hostname="Tavleens-MacBook-Pro.local" failures="0" tests="50" name="com.qa.insurance.testcases.HomePageTest" time="59.198" errors="2" timestamp="2022-10-27T23:25:48 EDT" skipped="0">
  <testcase classname="com.qa.insurance.testcases.HomePageTest" name="validateHomePageTitleTest" time="0.038"/>
  <testcase classname="com.qa.insurance.testcases.HomePageTest" name="validateSimulateButton" time="0.218"/>
  <testcase classname="com.qa.insurance.testcases.HomePageTest" name="checkInsuranceValue" time="0.747"/>
  <testcase classname="com.qa.insurance.testcases.HomePageTest" name="checkInsuranceValue" time="0.723"/>
  <testcase classname="com.qa.insurance.testcases.HomePageTest" name="checkInsuranceValue" time="1.149"/>
  <testcase classname="com.qa.insurance.testcases.HomePageTest" name="checkInsuranceValue" time="0.787"/>
  <testcase classname="com.qa.insurance.testcases.HomePageTest" name="checkInsuranceValue" time="0.803"/>
  <testcase classname="com.qa.insurance.testcases.HomePageTest" name="checkInsuranceValue" time="0.726"/>
  <testcase classname="com.qa.insurance.testcases.HomePageTest" name="checkInsuranceValue" time="0.755"/>
  <testcase classname="com.qa.insurance.testcases.HomePageTest" name="checkInsuranceValue" time="0.727"/>
  <testcase classname="com.qa.insurance.testcases.HomePageTest" name="checkInsuranceValue" time="0.782"/>
  <testcase classname="com.qa.insurance.testcases.HomePageTest" name="checkInsuranceValue" time="0.801"/>
  <testcase classname="com.qa.insurance.testcases.HomePageTest" name="checkInsuranceValue" time="0.717"/>
  <testcase classname="com.qa.insurance.testcases.HomePageTest" name="checkInsuranceValue" time="0.774"/>
  <testcase classname="com.qa.insurance.testcases.HomePageTest" name="checkInsuranceValue" time="0.740"/>
  <testcase classname="com.qa.insurance.testcases.HomePageTest" name="checkInsuranceValue" time="0.802"/>
  <testcase classname="com.qa.insurance.testcases.HomePageTest" name="checkInsuranceValue" time="0.733"/>
  <testcase classname="com.qa.insurance.testcases.HomePageTest" name="checkInsuranceValue" time="8.184">
    <error message="no such element: Unable to locate element: {&quot;method&quot;:&quot;xpath&quot;,&quot;selector&quot;:&quot;//*[@id=&quot;fee&quot;]&quot;}
  (Session info: chrome=107.0.5304.62)
For documentation on this error, please visit: https://selenium.dev/exceptions/#no_such_element
Build info: version: &#039;4.4.0&#039;, revision: &#039;e5c75ed026a&#039;
System info: host: &#039;Tavleens-MacBook-Pro.local&#039;, ip: &#039;fe80:0:0:0:4b:2dac:128e:9009%en0&#039;, os.name: &#039;Mac OS X&#039;, os.arch: &#039;x86_64&#039;, os.version: &#039;12.6.1&#039;, java.version: &#039;17.0.4.1&#039;
Driver info: org.openqa.selenium.chrome.ChromeDriver
Command: [3c81d4f155c13ce1856c022c6c4dc8cc, findElement {using=xpath, value=//*[@id=&quot;fee&quot;]}]
Capabilities {acceptInsecureCerts: false, browserName: chrome, browserVersion: 107.0.5304.62, chrome: {chromedriverVersion: 107.0.5304.62 (1eec40d3a576..., userDataDir: /var/folders/2c/znlm_n9j0jb...}, goog:chromeOptions: {debuggerAddress: localhost:65211}, networkConnectionEnabled: false, pageLoadStrategy: normal, platformName: MAC, proxy: Proxy(), se:cdp: ws://localhost:65211/devtoo..., se:cdpVersion: 107.0.5304.62, setWindowRect: true, strictFileInteractability: false, timeouts: {implicit: 0, pageLoad: 300000, script: 30000}, unhandledPromptBehavior: dismiss and notify, webauthn:extension:credBlob: true, webauthn:extension:largeBlob: true, webauthn:virtualAuthenticators: true}
Session ID: 3c81d4f155c13ce1856c022c6c4dc8cc" type="org.openqa.selenium.NoSuchElementException">
      <![CDATA[org.openqa.selenium.NoSuchElementException: no such element: Unable to locate element: {"method":"xpath","selector":"//*[@id="fee"]"}
  (Session info: chrome=107.0.5304.62)
For documentation on this error, please visit: https://selenium.dev/exceptions/#no_such_element
Build info: version: '4.4.0', revision: 'e5c75ed026a'
System info: host: 'Tavleens-MacBook-Pro.local', ip: 'fe80:0:0:0:4b:2dac:128e:9009%en0', os.name: 'Mac OS X', os.arch: 'x86_64', os.version: '12.6.1', java.version: '17.0.4.1'
Driver info: org.openqa.selenium.chrome.ChromeDriver
Command: [3c81d4f155c13ce1856c022c6c4dc8cc, findElement {using=xpath, value=//*[@id="fee"]}]
Capabilities {acceptInsecureCerts: false, browserName: chrome, browserVersion: 107.0.5304.62, chrome: {chromedriverVersion: 107.0.5304.62 (1eec40d3a576..., userDataDir: /var/folders/2c/znlm_n9j0jb...}, goog:chromeOptions: {debuggerAddress: localhost:65211}, networkConnectionEnabled: false, pageLoadStrategy: normal, platformName: MAC, proxy: Proxy(), se:cdp: ws://localhost:65211/devtoo..., se:cdpVersion: 107.0.5304.62, setWindowRect: true, strictFileInteractability: false, timeouts: {implicit: 0, pageLoad: 300000, script: 30000}, unhandledPromptBehavior: dismiss and notify, webauthn:extension:credBlob: true, webauthn:extension:largeBlob: true, webauthn:virtualAuthenticators: true}
Session ID: 3c81d4f155c13ce1856c022c6c4dc8cc
at java.base/jdk.internal.reflect.NativeConstructorAccessorImpl.newInstance0(Native Method)
at java.base/jdk.internal.reflect.NativeConstructorAccessorImpl.newInstance(NativeConstructorAccessorImpl.java:77)
at java.base/jdk.internal.reflect.DelegatingConstructorAccessorImpl.newInstance(DelegatingConstructorAccessorImpl.java:45)
at java.base/java.lang.reflect.Constructor.newInstanceWithCaller(Constructor.java:499)
at java.base/java.lang.reflect.Constructor.newInstance(Constructor.java:480)
at org.openqa.selenium.remote.codec.w3c.W3CHttpResponseCodec.createException(W3CHttpResponseCodec.java:200)
at org.openqa.selenium.remote.codec.w3c.W3CHttpResponseCodec.decode(W3CHttpResponseCodec.java:133)
at org.openqa.selenium.remote.codec.w3c.W3CHttpResponseCodec.decode(W3CHttpResponseCodec.java:53)
at org.openqa.selenium.remote.HttpCommandExecutor.execute(HttpCommandExecutor.java:184)
at org.openqa.selenium.remote.service.DriverCommandExecutor.invokeExecute(DriverCommandExecutor.java:167)
at org.openqa.selenium.remote.service.DriverCommandExecutor.execute(DriverCommandExecutor.java:142)
at org.openqa.selenium.remote.RemoteWebDriver.execute(RemoteWebDriver.java:547)
at org.openqa.selenium.remote.ElementLocation$ElementFinder$2.findElement(ElementLocation.java:162)
at org.openqa.selenium.remote.ElementLocation.findElement(ElementLocation.java:60)
at org.openqa.selenium.remote.RemoteWebDriver.findElement(RemoteWebDriver.java:365)
at org.openqa.selenium.remote.RemoteWebDriver.findElement(RemoteWebDriver.java:357)
at org.openqa.selenium.support.pagefactory.DefaultElementLocator.findElement(DefaultElementLocator.java:70)
at org.openqa.selenium.support.pagefactory.internal.LocatingElementHandler.invoke(LocatingElementHandler.java:39)
at jdk.proxy2/jdk.proxy2.$Proxy18.isDisplayed(Unknown Source)
at com.qa.insurance.pages.HomePage.getInfo(HomePage.java:181)
at com.qa.insurance.testcases.HomePageTest.checkInsuranceValue(HomePageTest.java:82)
at java.base/jdk.internal.reflect.NativeMethodAccessorImpl.invoke0(Native Method)
at java.base/jdk.internal.reflect.NativeMethodAccessorImpl.invoke(NativeMethodAccessorImpl.java:77)
at java.base/jdk.internal.reflect.DelegatingMethodAccessorImpl.invoke(DelegatingMethodAccessorImpl.java:43)
at java.base/java.lang.reflect.Method.invoke(Method.java:568)
at org.testng.internal.MethodInvocationHelper.invokeMethod(MethodInvocationHelper.java:133)
at org.testng.internal.TestInvoker.invokeMethod(TestInvoker.java:584)
at org.testng.internal.TestInvoker.invokeTestMethod(TestInvoker.java:172)
at org.testng.internal.MethodRunner.runInSequence(MethodRunner.java:46)
at org.testng.internal.TestInvoker$MethodInvocationAgent.invoke(TestInvoker.java:804)
at org.testng.internal.TestInvoker.invokeTestMethods(TestInvoker.java:145)
at org.testng.internal.TestMethodWorker.invokeTestMethods(TestMethodWorker.java:146)
at org.testng.internal.TestMethodWorker.run(TestMethodWorker.java:128)
at java.base/java.util.concurrent.ThreadPoolExecutor.runWorker(ThreadPoolExecutor.java:1136)
at java.base/java.util.concurrent.ThreadPoolExecutor$Worker.run(ThreadPoolExecutor.java:635)
at java.base/java.lang.Thread.run(Thread.java:833)
]]>
    </error>
  </testcase> <!-- checkInsuranceValue -->
  <testcase classname="com.qa.insurance.testcases.HomePageTest" name="checkInsuranceValue" time="0.959"/>
  <testcase classname="com.qa.insurance.testcases.HomePageTest" name="checkInsuranceValue" time="0.803"/>
  <testcase classname="com.qa.insurance.testcases.HomePageTest" name="checkInsuranceValue" time="1.935"/>
  <testcase classname="com.qa.insurance.testcases.HomePageTest" name="checkInsuranceValue" time="0.720"/>
  <testcase classname="com.qa.insurance.testcases.HomePageTest" name="checkInsuranceValue" time="0.857"/>
  <testcase classname="com.qa.insurance.testcases.HomePageTest" name="checkInsuranceValue" time="0.713"/>
  <testcase classname="com.qa.insurance.testcases.HomePageTest" name="checkInsuranceValue" time="0.858"/>
  <testcase classname="com.qa.insurance.testcases.HomePageTest" name="checkInsuranceValue" time="0.804"/>
  <testcase classname="com.qa.insurance.testcases.HomePageTest" name="checkInsuranceValue" time="0.797"/>
  <testcase classname="com.qa.insurance.testcases.HomePageTest" name="checkInsuranceValue" time="0.754"/>
  <testcase classname="com.qa.insurance.testcases.HomePageTest" name="checkInsuranceValue" time="0.987"/>
  <testcase classname="com.qa.insurance.testcases.HomePageTest" name="checkInsuranceValue" time="0.878"/>
  <testcase classname="com.qa.insurance.testcases.HomePageTest" name="checkInsuranceValue" time="0.826"/>
  <testcase classname="com.qa.insurance.testcases.HomePageTest" name="checkInsuranceValue" time="0.715"/>
  <testcase classname="com.qa.insurance.testcases.HomePageTest" name="checkInsuranceValue" time="0.762"/>
  <testcase classname="com.qa.insurance.testcases.HomePageTest" name="checkInsuranceValue" time="0.802"/>
  <testcase classname="com.qa.insurance.testcases.HomePageTest" name="checkInsuranceValue" time="0.749"/>
  <testcase classname="com.qa.insurance.testcases.HomePageTest" name="checkInsuranceValue" time="1.021"/>
  <testcase classname="com.qa.insurance.testcases.HomePageTest" name="checkInsuranceValue" time="5.814"/>
  <testcase classname="com.qa.insurance.testcases.HomePageTest" name="checkInsuranceValue" time="0.710"/>
  <testcase classname="com.qa.insurance.testcases.HomePageTest" name="checkInsuranceValue" time="0.900"/>
  <testcase classname="com.qa.insurance.testcases.HomePageTest" name="checkInsuranceValue" time="0.699"/>
  <testcase classname="com.qa.insurance.testcases.HomePageTest" name="checkInsuranceValue" time="0.721"/>
  <testcase classname="com.qa.insurance.testcases.HomePageTest" name="checkInsuranceValue" time="8.012">
    <error message="no such element: Unable to locate element: {&quot;method&quot;:&quot;xpath&quot;,&quot;selector&quot;:&quot;//*[@id=&quot;fee&quot;]&quot;}
  (Session info: chrome=107.0.5304.62)
For documentation on this error, please visit: https://selenium.dev/exceptions/#no_such_element
Build info: version: &#039;4.4.0&#039;, revision: &#039;e5c75ed026a&#039;
System info: host: &#039;Tavleens-MacBook-Pro.local&#039;, ip: &#039;fe80:0:0:0:4b:2dac:128e:9009%en0&#039;, os.name: &#039;Mac OS X&#039;, os.arch: &#039;x86_64&#039;, os.version: &#039;12.6.1&#039;, java.version: &#039;17.0.4.1&#039;
Driver info: org.openqa.selenium.chrome.ChromeDriver
Command: [3c81d4f155c13ce1856c022c6c4dc8cc, findElement {using=xpath, value=//*[@id=&quot;fee&quot;]}]
Capabilities {acceptInsecureCerts: false, browserName: chrome, browserVersion: 107.0.5304.62, chrome: {chromedriverVersion: 107.0.5304.62 (1eec40d3a576..., userDataDir: /var/folders/2c/znlm_n9j0jb...}, goog:chromeOptions: {debuggerAddress: localhost:65211}, networkConnectionEnabled: false, pageLoadStrategy: normal, platformName: MAC, proxy: Proxy(), se:cdp: ws://localhost:65211/devtoo..., se:cdpVersion: 107.0.5304.62, setWindowRect: true, strictFileInteractability: false, timeouts: {implicit: 0, pageLoad: 300000, script: 30000}, unhandledPromptBehavior: dismiss and notify, webauthn:extension:credBlob: true, webauthn:extension:largeBlob: true, webauthn:virtualAuthenticators: true}
Session ID: 3c81d4f155c13ce1856c022c6c4dc8cc" type="org.openqa.selenium.NoSuchElementException">
      <![CDATA[org.openqa.selenium.NoSuchElementException: no such element: Unable to locate element: {"method":"xpath","selector":"//*[@id="fee"]"}
  (Session info: chrome=107.0.5304.62)
For documentation on this error, please visit: https://selenium.dev/exceptions/#no_such_element
Build info: version: '4.4.0', revision: 'e5c75ed026a'
System info: host: 'Tavleens-MacBook-Pro.local', ip: 'fe80:0:0:0:4b:2dac:128e:9009%en0', os.name: 'Mac OS X', os.arch: 'x86_64', os.version: '12.6.1', java.version: '17.0.4.1'
Driver info: org.openqa.selenium.chrome.ChromeDriver
Command: [3c81d4f155c13ce1856c022c6c4dc8cc, findElement {using=xpath, value=//*[@id="fee"]}]
Capabilities {acceptInsecureCerts: false, browserName: chrome, browserVersion: 107.0.5304.62, chrome: {chromedriverVersion: 107.0.5304.62 (1eec40d3a576..., userDataDir: /var/folders/2c/znlm_n9j0jb...}, goog:chromeOptions: {debuggerAddress: localhost:65211}, networkConnectionEnabled: false, pageLoadStrategy: normal, platformName: MAC, proxy: Proxy(), se:cdp: ws://localhost:65211/devtoo..., se:cdpVersion: 107.0.5304.62, setWindowRect: true, strictFileInteractability: false, timeouts: {implicit: 0, pageLoad: 300000, script: 30000}, unhandledPromptBehavior: dismiss and notify, webauthn:extension:credBlob: true, webauthn:extension:largeBlob: true, webauthn:virtualAuthenticators: true}
Session ID: 3c81d4f155c13ce1856c022c6c4dc8cc
at java.base/jdk.internal.reflect.NativeConstructorAccessorImpl.newInstance0(Native Method)
at java.base/jdk.internal.reflect.NativeConstructorAccessorImpl.newInstance(NativeConstructorAccessorImpl.java:77)
at java.base/jdk.internal.reflect.DelegatingConstructorAccessorImpl.newInstance(DelegatingConstructorAccessorImpl.java:45)
at java.base/java.lang.reflect.Constructor.newInstanceWithCaller(Constructor.java:499)
at java.base/java.lang.reflect.Constructor.newInstance(Constructor.java:480)
at org.openqa.selenium.remote.codec.w3c.W3CHttpResponseCodec.createException(W3CHttpResponseCodec.java:200)
at org.openqa.selenium.remote.codec.w3c.W3CHttpResponseCodec.decode(W3CHttpResponseCodec.java:133)
at org.openqa.selenium.remote.codec.w3c.W3CHttpResponseCodec.decode(W3CHttpResponseCodec.java:53)
at org.openqa.selenium.remote.HttpCommandExecutor.execute(HttpCommandExecutor.java:184)
at org.openqa.selenium.remote.service.DriverCommandExecutor.invokeExecute(DriverCommandExecutor.java:167)
at org.openqa.selenium.remote.service.DriverCommandExecutor.execute(DriverCommandExecutor.java:142)
at org.openqa.selenium.remote.RemoteWebDriver.execute(RemoteWebDriver.java:547)
at org.openqa.selenium.remote.ElementLocation$ElementFinder$2.findElement(ElementLocation.java:162)
at org.openqa.selenium.remote.ElementLocation.findElement(ElementLocation.java:60)
at org.openqa.selenium.remote.RemoteWebDriver.findElement(RemoteWebDriver.java:365)
at org.openqa.selenium.remote.RemoteWebDriver.findElement(RemoteWebDriver.java:357)
at org.openqa.selenium.support.pagefactory.DefaultElementLocator.findElement(DefaultElementLocator.java:70)
at org.openqa.selenium.support.pagefactory.internal.LocatingElementHandler.invoke(LocatingElementHandler.java:39)
at jdk.proxy2/jdk.proxy2.$Proxy18.isDisplayed(Unknown Source)
at com.qa.insurance.pages.HomePage.getInfo(HomePage.java:181)
at com.qa.insurance.testcases.HomePageTest.checkInsuranceValue(HomePageTest.java:82)
at java.base/jdk.internal.reflect.NativeMethodAccessorImpl.invoke0(Native Method)
at java.base/jdk.internal.reflect.NativeMethodAccessorImpl.invoke(NativeMethodAccessorImpl.java:77)
at java.base/jdk.internal.reflect.DelegatingMethodAccessorImpl.invoke(DelegatingMethodAccessorImpl.java:43)
at java.base/java.lang.reflect.Method.invoke(Method.java:568)
at org.testng.internal.MethodInvocationHelper.invokeMethod(MethodInvocationHelper.java:133)
at org.testng.internal.TestInvoker.invokeMethod(TestInvoker.java:584)
at org.testng.internal.TestInvoker.invokeTestMethod(TestInvoker.java:172)
at org.testng.internal.MethodRunner.runInSequence(MethodRunner.java:46)
at org.testng.internal.TestInvoker$MethodInvocationAgent.invoke(TestInvoker.java:804)
at org.testng.internal.TestInvoker.invokeTestMethods(TestInvoker.java:145)
at org.testng.internal.TestMethodWorker.invokeTestMethods(TestMethodWorker.java:146)
at org.testng.internal.TestMethodWorker.run(TestMethodWorker.java:128)
at java.base/java.util.concurrent.ThreadPoolExecutor.runWorker(ThreadPoolExecutor.java:1136)
at java.base/java.util.concurrent.ThreadPoolExecutor$Worker.run(ThreadPoolExecutor.java:635)
at java.base/java.lang.Thread.run(Thread.java:833)
]]>
    </error>
  </testcase> <!-- checkInsuranceValue -->
  <testcase classname="com.qa.insurance.testcases.HomePageTest" name="checkInsuranceValue" time="0.813"/>
  <testcase classname="com.qa.insurance.testcases.HomePageTest" name="checkInsuranceValue" time="0.784"/>
  <testcase classname="com.qa.insurance.testcases.HomePageTest" name="checkInsuranceValue" time="0.727"/>
  <testcase classname="com.qa.insurance.testcases.HomePageTest" name="checkInsuranceValue" time="0.759"/>
  <testcase classname="com.qa.insurance.testcases.HomePageTest" name="checkInsuranceValue" time="0.828"/>
  <testcase classname="com.qa.insurance.testcases.HomePageTest" name="checkInsuranceValue" time="0.758"/>
  <testcase classname="com.qa.insurance.testcases.HomePageTest" name="checkInsuranceValue" time="0.797"/>
  <testcase classname="com.qa.insurance.testcases.HomePageTest" name="checkInsuranceValue" time="0.730"/>
</testsuite> <!-- com.qa.insurance.testcases.HomePageTest -->
